<?xml version="1.0" encoding="UTF-8"?>
<!-- Generated by org.testng.reporters.JUnitReportReporter -->
<testsuite hostname="MacBook-Air-Tomasz-3.local" failures="0" tests="1" name="SeleniumTest" time="0.009" errors="0" timestamp="2021-02-13T16:38:30 CET" skipped="0">
  <testcase classname="SeleniumTest" name="sampleTest" time="0.009"/>
  <system-out/>
</testsuite> <!-- SeleniumTest -->
